TN:
SF:./js/app/section/awards.js
FN:12,(anonymous_1)
FN:18,(anonymous_2)
FN:22,(anonymous_3)
FN:27,(anonymous_4)
FN:66,(anonymous_5)
FN:68,(anonymous_6)
FNF:6
FNH:5
FNDA:1,(anonymous_1)
FNDA:0,(anonymous_2)
FNDA:3,(anonymous_3)
FNDA:10,(anonymous_4)
FNDA:2,(anonymous_5)
FNDA:3,(anonymous_6)
DA:3,1
DA:7,1
DA:13,1
DA:20,0
DA:23,3
DA:25,3
DA:26,3
DA:27,3
DA:28,10
DA:30,3
DA:32,3
DA:34,3
DA:64,1
DA:67,2
DA:68,2
DA:69,3
DA:71,2
DA:83,1
LF:18
LH:17
BRDA:25,1,0,3
BRDA:25,1,1,0
BRDA:47,2,0,3
BRDA:47,2,1,2
BRDA:48,3,0,3
BRDA:48,3,1,2
BRDA:49,4,0,3
BRDA:49,4,1,2
BRDA:50,5,0,3
BRDA:50,5,1,2
BRDA:57,6,0,3
BRDA:57,6,1,3
BRF:12
BRH:11
end_of_record
TN:
SF:./js/app/teamwork.js
FN:7,(anonymous_1)
FN:11,(anonymous_2)
FNF:2
FNH:1
FNDA:0,(anonymous_1)
FNDA:9,(anonymous_2)
DA:3,1
DA:6,1
DA:9,0
DA:12,9
DA:19,1
LF:5
LH:4
BRF:0
BRH:0
end_of_record
TN:
SF:./js/app/mixins.js
FN:8,(anonymous_1)
FN:14,(anonymous_2)
FN:20,(anonymous_3)
FN:23,(anonymous_4)
FN:33,(anonymous_5)
FN:44,(anonymous_6)
FNF:6
FNH:3
FNDA:0,(anonymous_1)
FNDA:9,(anonymous_2)
FNDA:9,(anonymous_3)
FNDA:0,(anonymous_4)
FNDA:0,(anonymous_5)
FNDA:9,(anonymous_6)
DA:3,1
DA:4,1
DA:6,1
DA:9,0
DA:15,9
DA:21,9
DA:22,9
DA:23,0
DA:24,0
DA:26,9
DA:27,0
DA:28,0
DA:29,0
DA:30,0
DA:33,0
DA:34,0
DA:35,0
DA:36,0
DA:37,0
DA:38,0
DA:39,0
DA:45,9
DA:50,1
LF:23
LH:9
BRDA:22,1,0,0
BRDA:22,1,1,9
BRDA:26,2,0,0
BRDA:26,2,1,9
BRDA:29,3,0,0
BRDA:29,3,1,0
BRDA:34,4,0,0
BRDA:34,4,1,0
BRDA:36,5,0,0
BRDA:36,5,1,0
BRDA:38,6,0,0
BRDA:38,6,1,0
BRF:12
BRH:2
end_of_record
TN:
SF:./js/app/section/communities.js
FN:11,(anonymous_1)
FN:17,(anonymous_2)
FN:21,(anonymous_3)
FN:23,(anonymous_4)
FN:53,(anonymous_5)
FN:55,(anonymous_6)
FNF:6
FNH:5
FNDA:1,(anonymous_1)
FNDA:0,(anonymous_2)
FNDA:3,(anonymous_3)
FNDA:4,(anonymous_4)
FNDA:2,(anonymous_5)
FNDA:3,(anonymous_6)
DA:3,1
DA:6,1
DA:12,1
DA:19,0
DA:22,3
DA:23,3
DA:24,4
DA:27,3
DA:51,1
DA:54,2
DA:55,2
DA:56,3
DA:58,2
DA:69,1
LF:14
LH:13
BRF:0
BRH:0
end_of_record
TN:
SF:./js/app/section/educations.js
FN:12,(anonymous_1)
FN:18,(anonymous_2)
FN:22,(anonymous_3)
FN:25,(anonymous_4)
FN:30,(anonymous_5)
FN:52,(anonymous_6)
FN:54,(anonymous_7)
FNF:7
FNH:6
FNDA:1,(anonymous_1)
FNDA:0,(anonymous_2)
FNDA:2,(anonymous_3)
FNDA:1,(anonymous_4)
FNDA:2,(anonymous_5)
FNDA:2,(anonymous_6)
FNDA:2,(anonymous_7)
DA:3,1
DA:6,1
DA:13,1
DA:20,0
DA:23,2
DA:24,1
DA:25,1
DA:26,1
DA:31,2
DA:50,1
DA:53,2
DA:54,2
DA:55,2
DA:57,2
DA:69,1
LF:15
LH:14
BRDA:23,1,0,1
BRDA:23,1,1,1
BRDA:40,2,0,2
BRDA:40,2,1,1
BRDA:41,3,0,2
BRDA:41,3,1,1
BRF:6
BRH:6
end_of_record
TN:
SF:./js/app/footer.js
FN:11,(anonymous_1)
FN:17,(anonymous_2)
FN:21,(anonymous_3)
FN:33,(anonymous_4)
FN:35,(anonymous_5)
FNF:5
FNH:2
FNDA:1,(anonymous_1)
FNDA:0,(anonymous_2)
FNDA:0,(anonymous_3)
FNDA:1,(anonymous_4)
FNDA:0,(anonymous_5)
DA:3,1
DA:6,1
DA:12,1
DA:19,0
DA:22,0
DA:28,1
DA:34,1
DA:35,1
DA:36,0
DA:38,1
DA:50,1
LF:11
LH:8
BRF:0
BRH:0
end_of_record
TN:
SF:./js/app/header.js
FN:11,(anonymous_1)
FN:16,(anonymous_2)
FNF:2
FNH:2
FNDA:1,(anonymous_1)
FNDA:1,(anonymous_2)
DA:3,1
DA:6,1
DA:12,1
DA:17,1
DA:38,1
LF:5
LH:5
BRF:0
BRH:0
end_of_record
TN:
SF:./js/app/section/navinfo.js
FN:28,(anonymous_1)
FN:45,(anonymous_2)
FN:71,(anonymous_3)
FN:77,(anonymous_4)
FN:84,(anonymous_5)
FN:87,(anonymous_6)
FN:94,(anonymous_7)
FN:98,(anonymous_8)
FN:105,(anonymous_9)
FN:108,(anonymous_10)
FN:118,(anonymous_11)
FN:163,(anonymous_12)
FN:169,(anonymous_13)
FN:173,(anonymous_14)
FN:184,(anonymous_15)
FN:190,(anonymous_16)
FN:198,(anonymous_17)
FN:201,(anonymous_18)
FN:204,(anonymous_19)
FNF:19
FNH:2
FNDA:0,(anonymous_1)
FNDA:0,(anonymous_2)
FNDA:0,(anonymous_3)
FNDA:1,(anonymous_4)
FNDA:0,(anonymous_5)
FNDA:0,(anonymous_6)
FNDA:0,(anonymous_7)
FNDA:0,(anonymous_8)
FNDA:0,(anonymous_9)
FNDA:0,(anonymous_10)
FNDA:0,(anonymous_11)
FNDA:1,(anonymous_12)
FNDA:0,(anonymous_13)
FNDA:0,(anonymous_14)
FNDA:0,(anonymous_15)
FNDA:0,(anonymous_16)
FNDA:0,(anonymous_17)
FNDA:0,(anonymous_18)
FNDA:0,(anonymous_19)
DA:3,1
DA:8,1
DA:23,1
DA:29,0
DA:30,0
DA:32,0
DA:34,0
DA:35,0
DA:36,0
DA:40,0
DA:46,0
DA:47,0
DA:48,0
DA:49,0
DA:50,0
DA:51,0
DA:54,0
DA:55,0
DA:61,1
DA:72,0
DA:78,1
DA:85,0
DA:88,0
DA:89,0
DA:91,0
DA:93,0
DA:94,0
DA:95,0
DA:99,0
DA:100,0
DA:106,0
DA:109,0
DA:110,0
DA:111,0
DA:112,0
DA:113,0
DA:114,0
DA:119,0
DA:123,0
DA:126,0
DA:127,0
DA:128,0
DA:129,0
DA:130,0
DA:131,0
DA:133,0
DA:138,0
DA:139,0
DA:141,0
DA:158,1
DA:164,1
DA:171,0
DA:174,0
DA:182,1
DA:185,0
DA:191,0
DA:199,0
DA:202,0
DA:205,0
DA:207,0
DA:208,0
DA:210,0
DA:211,0
DA:212,0
DA:213,0
DA:214,0
DA:215,0
DA:216,0
DA:217,0
DA:221,0
DA:222,0
DA:223,0
DA:224,0
DA:225,0
DA:229,0
DA:262,1
LF:76
LH:9
BRDA:35,1,0,0
BRDA:35,1,1,0
BRDA:50,2,0,0
BRDA:50,2,1,0
BRDA:88,3,0,0
BRDA:88,3,1,0
BRDA:91,4,0,0
BRDA:91,4,1,0
BRDA:112,5,0,0
BRDA:112,5,1,0
BRDA:120,6,0,0
BRDA:120,6,1,0
BRDA:121,7,0,0
BRDA:121,7,1,0
BRDA:126,8,0,0
BRDA:126,8,1,0
BRDA:126,9,0,0
BRDA:126,9,1,0
BRDA:129,10,0,0
BRDA:129,10,1,0
BRDA:138,11,0,0
BRDA:138,11,1,0
BRDA:208,12,0,0
BRDA:208,12,1,0
BRDA:211,13,0,0
BRDA:211,13,1,0
BRDA:214,14,0,0
BRDA:214,14,1,0
BRDA:215,15,0,0
BRDA:215,15,1,0
BRDA:224,16,0,0
BRDA:224,16,1,0
BRF:32
BRH:0
end_of_record
TN:
SF:./js/app/section/projects.js
FN:12,(anonymous_1)
FN:18,(anonymous_2)
FN:22,(anonymous_3)
FN:24,(anonymous_4)
FN:59,(anonymous_5)
FN:61,(anonymous_6)
FNF:6
FNH:5
FNDA:1,(anonymous_1)
FNDA:0,(anonymous_2)
FNDA:5,(anonymous_3)
FNDA:5,(anonymous_4)
FNDA:2,(anonymous_5)
FNDA:5,(anonymous_6)
DA:3,1
DA:7,1
DA:13,1
DA:20,0
DA:23,5
DA:24,5
DA:25,5
DA:27,5
DA:57,1
DA:60,2
DA:61,2
DA:62,5
DA:64,2
DA:75,1
LF:14
LH:13
BRDA:35,1,0,5
BRDA:35,1,1,2
BRDA:36,2,0,5
BRDA:36,2,1,3
BRDA:41,3,0,5
BRDA:41,3,1,4
BRDA:44,4,0,5
BRDA:44,4,1,2
BRDA:45,5,0,5
BRDA:45,5,1,1
BRDA:50,6,0,5
BRDA:50,6,1,4
BRF:12
BRH:12
end_of_record
TN:
SF:./js/app/section/publications.js
FN:11,(anonymous_1)
FN:17,(anonymous_2)
FN:21,(anonymous_3)
FN:43,(anonymous_4)
FN:45,(anonymous_5)
FNF:5
FNH:4
FNDA:1,(anonymous_1)
FNDA:0,(anonymous_2)
FNDA:2,(anonymous_3)
FNDA:2,(anonymous_4)
FNDA:2,(anonymous_5)
DA:3,1
DA:6,1
DA:12,1
DA:19,0
DA:22,2
DA:41,1
DA:44,2
DA:45,2
DA:46,2
DA:48,2
DA:60,1
LF:11
LH:10
BRF:0
BRH:0
end_of_record
TN:
SF:./js/app/section/skills.js
FN:11,(anonymous_1)
FN:17,(anonymous_2)
FN:21,(anonymous_3)
FN:23,(anonymous_4)
FN:43,(anonymous_5)
FN:45,(anonymous_6)
FNF:6
FNH:5
FNDA:1,(anonymous_1)
FNDA:0,(anonymous_2)
FNDA:4,(anonymous_3)
FNDA:27,(anonymous_4)
FNDA:2,(anonymous_5)
FNDA:4,(anonymous_6)
DA:3,1
DA:6,1
DA:12,1
DA:19,0
DA:22,4
DA:23,4
DA:24,27
DA:26,4
DA:41,1
DA:44,2
DA:45,2
DA:46,4
DA:48,2
DA:60,1
LF:14
LH:13
BRF:0
BRH:0
end_of_record
TN:
SF:./js/app/section/works.js
FN:11,(anonymous_1)
FN:17,(anonymous_2)
FN:21,(anonymous_3)
FN:28,(anonymous_4)
FN:34,(anonymous_5)
FN:42,(anonymous_6)
FN:78,(anonymous_7)
FN:80,(anonymous_8)
FNF:8
FNH:7
FNDA:1,(anonymous_1)
FNDA:0,(anonymous_2)
FNDA:4,(anonymous_3)
FNDA:9,(anonymous_4)
FNDA:7,(anonymous_5)
FNDA:5,(anonymous_6)
FNDA:2,(anonymous_7)
FNDA:4,(anonymous_8)
DA:3,1
DA:6,1
DA:12,1
DA:19,0
DA:22,4
DA:28,4
DA:29,9
DA:32,4
DA:33,3
DA:34,3
DA:35,7
DA:37,3
DA:40,4
DA:41,3
DA:42,3
DA:43,5
DA:45,3
DA:48,4
DA:49,4
DA:51,4
DA:76,1
DA:79,2
DA:80,2
DA:81,4
DA:83,2
DA:95,1
LF:26
LH:25
BRDA:32,1,0,3
BRDA:32,1,1,1
BRDA:40,2,0,3
BRDA:40,2,1,1
BRF:4
BRH:4
end_of_record
